2025-07-30 20:27:54 - INFO - Fetching all available chats...
2025-07-30 20:27:54 - ERROR - Failed to connect to Telegram: Event.__init__() got an unexpected keyword argument 'loop'
2025-07-30 20:27:54 - ERROR - Failed to fetch chats: Failed to connect to Telegram: Event.__init__() got an unexpected keyword argument 'loop'
2025-07-30 20:31:51 - INFO - Fetching all available chats...
2025-07-30 20:31:51 - ERROR - Failed to connect to Telegram: Event.__init__() got an unexpected keyword argument 'loop'
2025-07-30 20:31:51 - ERROR - Failed to fetch chats: Failed to connect to Telegram: Event.__init__() got an unexpected keyword argument 'loop'
2025-07-30 20:35:10 - INFO - Fetching all available chats...
2025-07-30 20:35:10 - ERROR - Failed to connect to Telegram: duplicate column name: takeout_id
2025-07-30 20:35:10 - ERROR - Failed to fetch chats: Failed to connect to Telegram: duplicate column name: takeout_id
2025-07-30 20:38:00 - INFO - Fetching all available chats...
2025-07-30 20:38:00 - ERROR - Failed to connect to Telegram: duplicate column name: takeout_id
2025-07-30 20:38:00 - ERROR - Failed to fetch chats: Failed to connect to Telegram: duplicate column name: takeout_id
2025-07-30 20:39:32 - INFO - Fetching all available chats...
2025-07-30 20:39:35 - INFO - No session found, starting interactive login
2025-07-30 20:40:02 - INFO - Successfully connected as 917032106268
2025-07-30 20:40:03 - INFO - Found chat: Spoty Series (ID: 1838479447)
2025-07-30 20:40:03 - INFO - Found chat: Telegram (ID: 777000)
2025-07-30 20:40:03 - INFO - Found chat: Vedantu JEE - Official (ID: 1464598353)
2025-07-30 20:40:03 - INFO - Found chat: Rare Animes (ID: 2051506885)
2025-07-30 20:40:03 - INFO - Found chat: Coding Interview Resources (ID: 1436009078)
2025-07-30 20:40:03 - INFO - Found chat: JEE MAINS AND ADVANCED STUDY MATERIAL (ID: 2070990250)
2025-07-30 20:40:03 - INFO - Found chat: NARAYANA JEE TEST SERIES PAPERS (ID: 1847256569)
2025-07-30 20:40:03 - INFO - Found chat: Dhanacademy ADVANCED Premium JEE Materials (ID: 1887146112)
2025-07-30 20:40:03 - INFO - Found chat: SRI CHAITANYA JEE TEST SERIES PAPERS (ID: 1860425897)
2025-07-30 20:40:03 - INFO - Found chat: FIITJEE AITS JEE TEST SERIES PAPERS (ID: 1569940370)
2025-07-30 20:40:03 - INFO - Found chat: JEE TEST SERIES | MAINS AND ADVANCED (ID: 1871309627)
2025-07-30 20:40:03 - INFO - Found chat: IPE 2025 Discussions (ID: 1699013917)
2025-07-30 20:40:03 - INFO - Found chat: Coding Projects | AI | ML | Java | Python Programming | Artificial Intelligence | Web development (ID: 1580025810)
2025-07-30 20:40:03 - INFO - Found chat: FIITJEE AITS For JEE Main+Advanced (ID: 1799208254)
2025-07-30 20:40:03 - INFO - Found chat: IIT JEE Advanced Study Material (ID: 1489777949)
2025-07-30 20:40:03 - INFO - Found chat: Network Learning (ID: 1126694589)
2025-07-30 20:40:03 - INFO - Found chat: CYBER SPECTRUM 🩵 (ID: 1225863923)
2025-07-30 20:40:03 - INFO - Found chat: 𝐕𝐢𝐬𝐢𝐨𝐧𝐚𝐫𝐲 𝐄𝐝𝐮𝐜𝐚𝐭𝐢𝐨𝐧𝐚𝐥 𝐓𝐞𝐥𝐞𝐠𝐫𝐚𝐦 𝐏𝐥𝐚𝐭𝐟𝐨𝐫𝐦 (ID: 1344908229)
2025-07-30 20:40:03 - INFO - Found chat: IIT JEE Notes (ID: 1401997808)
2025-07-30 20:40:03 - INFO - Found chat: Metallurgical Engineering (ID: 1246889699)
2025-07-30 20:40:03 - INFO - Found chat: Pluto Verse (ID: 2048566855)
2025-07-30 20:40:03 - INFO - Found chat: Hash Hackers (ID: 1235183911)
2025-07-30 20:40:03 - INFO - Found chat: Coding interview preparation (ID: 1308712623)
2025-07-30 20:40:03 - INFO - Found chat: DeezLoadᅠ (ID: 1437229810)
2025-07-30 20:40:03 - INFO - Found chat: BRIGHTBEAM CINEMAS (ID: 1921333058)
2025-07-30 20:40:03 - INFO - Found chat: DevTown Bootcamps (ID: 1251058979)
2025-07-30 20:40:03 - INFO - Found chat: Cloud and Cybersecurity (ID: 1371647277)
2025-07-30 20:40:03 - INFO - Found chat: Youtube Audio Download (ID: 755245733)
2025-07-30 20:40:03 - INFO - Found chat: Pushpa Impossible ufff yeh love hai (ID: 2033535352)
2025-07-30 20:40:03 - INFO - Found chat: @JEEAdvanced_2024 | Rankers Academy JEE {Back-up} (RA JEE) (ID: 1289910231)
2025-07-30 20:40:03 - INFO - Found chat: JEE ADVANCED 2026 / 2027 / 2028 (RA JEE) (ID: 1891953413)
2025-07-30 20:40:03 - INFO - Found chat: Data Science (ID: 1131189982)
2025-07-30 20:40:03 - INFO - Found chat: Deezer Music (ID: 595898211)
2025-07-30 20:40:03 - INFO - Found chat: WBJEE VITEEE BITSAT COMEDK MOCK TEST PYQS MATERIALS | ANSWER KEY 2025 (ID: 1745072688)
2025-07-30 20:40:03 - INFO - Found chat: HARITH F23 MDP (ID: 7180180078)
2025-07-30 20:40:03 - INFO - Found chat: Udemy (ID: 1610233192)
2025-07-30 20:40:03 - INFO - Found chat: Mosh Hamedani Learning Courses 🦑 (ID: 1897876125)
2025-07-30 20:40:03 - INFO - Found chat: Hosico Cat (ID: 6252029987)
2025-07-30 20:40:03 - INFO - Found chat: ʜᴏꜱɪᴄᴏ ᴄᴀᴛꜱ (ID: 7928503683)
2025-07-30 20:40:03 - INFO - Found chat: BITSAT Test Series By Masterclass Space (ID: 1741681051)
2025-07-30 20:40:03 - INFO - Found chat: File Search Bot ❤ (ID: 5250977884)
2025-07-30 20:40:03 - INFO - Found chat: 🔎 RexieCat (ID: 6787365755)
2025-07-30 20:40:03 - INFO - Found chat: Prabhavati Mam. (ID: 7908698285)
2025-07-30 20:40:03 - INFO - Found chat: The_Trading_Exparts (ID: 2381853594)
2025-07-30 20:40:03 - INFO - Found chat: Target JEE (ID: 5256149721)
2025-07-30 20:40:03 - INFO - Found chat: Telangana Board - TSBIE (6th to 12th) (ID: 1228528625)
2025-07-30 20:40:03 - INFO - Found chat: Georgie and Mandy's First Marriage (ID: 7796341882)
2025-07-30 20:40:03 - INFO - Found chat: Raghuveer (ID: 8029393769)
2025-07-30 20:40:03 - INFO - Found chat: Uma (ID: 7888996637)
2025-07-30 20:40:03 - INFO - Found chat: Physics Galaxy (ID: 1517297590)
2025-07-30 20:40:03 - INFO - Found chat: ANKITH IITM MM (ID: 1938131878)
2025-07-30 20:40:03 - INFO - Found chat: Deezer Bot News (ID: 1362593421)
2025-07-30 20:40:03 - INFO - Found chat: HINA SOCIAL BHAVAN'S (ID: 7806260445)
2025-07-30 20:40:03 - INFO - Found chat: Livegram Bot (ID: 179449893)
2025-07-30 20:40:03 - INFO - Found chat: PythonPro (ID: 1892745780)
2025-07-30 20:40:03 - INFO - Found chat: Rexie 2 🔍 (ID: 6546702410)
2025-07-30 20:40:03 - INFO - Found chat: GrowthGlitch (ID: 4777603411)
2025-07-30 20:40:03 - INFO - Found chat: ScribdDownloader (ID: 6862587484)
2025-07-30 20:40:03 - INFO - Found chat: Rexie 🔍 (ID: 5754966670)
2025-07-30 20:40:03 - INFO - Found chat: Srinivas (ID: 7813703249)
2025-07-30 20:40:03 - INFO - Found chat: THE PREMIUM BOT (ID: 1073612297)
2025-07-30 20:40:03 - INFO - Found chat: 🔎 Rexie Cat 🔍 (ID: 6737925421)
2025-07-30 20:40:03 - INFO - Found chat: UshaGiri Mam Hindi (ID: 7799472307)
2025-07-30 20:40:03 - INFO - Found chat: TikTok Instagram Downloader (ID: 1825028508)
2025-07-30 20:40:03 - INFO - Found chat: Hehe boii (ID: 4624694220)
2025-07-30 20:40:03 - INFO - Found chat: Bhuvanesh IITM MM (ID: 2059522877)
2025-07-30 20:40:03 - INFO - Found chat: AUTO REQUEST APPROVAL (ID: 7831293880)
2025-07-30 20:40:03 - INFO - Found chat: Join Request Accept Bot Pro (ID: 5374485563)
2025-07-30 20:40:03 - INFO - Found chat: Auto Accept Request Bot (ID: 5912294056)
2025-07-30 20:40:03 - INFO - Found chat: Music Downloader (ID: 6773656102)
2025-07-30 20:40:03 - INFO - Found chat: Shivakumar (ID: 7919357462)
2025-07-30 20:40:03 - INFO - Found chat: sweety (ID: 1950894848)
2025-07-30 20:40:03 - INFO - Found chat: Fiitjee AITS 2025 & 2026 (ID: 2051187873)
2025-07-30 20:40:03 - INFO - Found chat: PVBV (ID: 8170676571)
2025-07-30 20:40:03 - INFO - Found chat: Beyond Infinity Official Chat (ID: 1380854665)
2025-07-30 20:40:03 - INFO - Found chat: None (ID: 5988791013)
2025-07-30 20:40:03 - INFO - Found chat: Surya IITM ED (ID: 7618678741)
2025-07-30 20:40:03 - INFO - Found chat: Z-Library Official 📚 (ID: 1836429182)
2025-07-30 20:40:03 - INFO - Found chat: Udemy World (ID: 2233805802)
2025-07-30 20:40:03 - INFO - Found chat: CID (ID: 1885977562)
2025-07-30 20:40:03 - INFO - Found chat: Link Bypasser Bot (ID: 7423214566)
2025-07-30 20:40:03 - INFO - Found chat: PUBLIC EARN TOKEN GENERATOR (ID: 7192010451)
2025-07-30 20:40:03 - INFO - Found chat: Madhukar AO (ID: 7671023706)
2025-07-30 20:40:03 - INFO - Found chat: Raghu Sir (ID: 7861252548)
2025-07-30 20:40:03 - INFO - Found chat: HD10SHARE BOT9 (ID: 7017445408)
2025-07-30 20:40:03 - INFO - Found chat: Pavan Kumar Shukla (PPKS) FIITJEE MDP (ID: 7641261269)
2025-07-30 20:40:03 - INFO - Found chat: FRENCH VARMA FV FIITJEE MDP (ID: 7753794093)
2025-07-30 20:40:03 - INFO - Found chat: Sai Ram IITM MM (ID: 7908931756)
2025-07-30 20:40:03 - INFO - Found chat: None (ID: 7589172624)
2025-07-30 20:40:03 - INFO - Found chat: SURYA BHAVANS (ID: 7669174928)
2025-07-30 20:40:03 - INFO - Found chat: 🔥DOWNLOADER INSTAGRAM YOUTUBE (ID: 7524053276)
2025-07-30 20:40:03 - INFO - Found chat: Parva IITM CS (ID: 7510608350)
2025-07-30 20:40:03 - INFO - Found chat: Suresh IITM ChemE22 (ID: 1460415360)
2025-07-30 20:40:03 - INFO - Found chat: Rexie 2 🔍 (ID: 7096626565)
2025-07-30 20:40:03 - INFO - Found chat: SIDDHARTH BHAMIDIPATI F23 MDP (ID: 7292953428)
2025-07-30 20:40:03 - INFO - Found chat: TG Archive Bot (HH) (ID: 6710520085)
2025-07-30 20:40:03 - INFO - Found chat: Sanjay HIG (ID: 7690563836)
2025-07-30 20:40:03 - INFO - Found chat: Kaarthik IITM MM (ID: 7741717261)
2025-07-30 20:40:03 - INFO - Found chat: SHREEPRABHAS (ID: 7895090789)
2025-07-30 20:40:03 - INFO - Found chat: /MOVED/ Musics Hunter (ID: 1348804449)
2025-07-30 20:40:03 - INFO - Found chat: IIT JEE Mains Advanced Notes (ID: 1777345295)
2025-07-30 20:40:03 - INFO - Found chat: Neet Jee Topper (ID: 1231947549)
2025-07-30 20:40:03 - INFO - Found chat: None (ID: 6600923222)
2025-07-30 20:40:03 - INFO - Found chat: Anitha (ID: 7275233646)
2025-07-30 20:40:03 - INFO - Found chat: Mamta (ID: 7316465810)
2025-07-30 20:40:03 - INFO - Found chat: Hacking and Programming eBooks (ID: 1948018578)
2025-07-30 20:40:03 - INFO - Found chat: Doraemon Season 20 In Hindi (ID: 1441663159)
2025-07-30 20:40:03 - INFO - Found chat: None (ID: 7095933037)
2025-07-30 20:40:03 - INFO - Found chat: NAGA PADMAJA TELUGU BHAVAN'S (ID: 7307581653)
2025-07-30 20:40:03 - INFO - Found chat: Harshit New Viii..Shirisha (ID: 7187795210)
2025-07-30 20:40:03 - INFO - Found chat: Vallabh IITM MM (ID: 6875766940)
2025-07-30 20:40:03 - INFO - Found chat: Justin (ID: 7495390036)
2025-07-30 20:40:03 - INFO - Found chat: Pravite Community (ID: 2005644145)
2025-07-30 20:40:03 - INFO - Found chat: Sagar Sunisith IITM CS (ID: 7489366200)
2025-07-30 20:40:03 - INFO - Found chat: Pavan (ID: 7190141537)
2025-07-30 20:40:03 - INFO - Found chat: Auto Accept Join Requests Bot (ID: 6766105698)
2025-07-30 20:40:03 - INFO - Found chat: Sweet Net (ID: 7317618701)
2025-07-30 20:40:03 - INFO - Found chat: ToonsHub Bot (ID: 6930907531)
2025-07-30 20:40:03 - INFO - Found chat: murthy HDFC CHANDANAGAR (ID: 7147365788)
2025-07-30 20:40:03 - INFO - Found chat: Sailaja Kunila 2 (ID: 6460519587)
2025-07-30 20:40:03 - INFO - Found chat: SRI PRAKASH (ID: 7184731690)
2025-07-30 20:40:03 - INFO - Found chat: JEE TEST SERIES PAPERS (ID: 1883766630)
2025-07-30 20:40:03 - INFO - Found chat: SHILPA 2 (ID: 7183919770)
2025-07-30 20:40:03 - INFO - Found chat: MATHS FOR JEE Mains and Adv 2024 (ID: 1736740797)
2025-07-30 20:40:03 - INFO - Found chat: DEEPAK IITM CS MTECH 22 (ID: 7080240089)
2025-07-30 20:40:03 - INFO - Found chat: Karthik IITM EE (ID: 7171467163)
2025-07-30 20:40:03 - INFO - Found chat: Yogya (ID: 6990498550)
2025-07-30 20:40:03 - INFO - Found chat: Hentai (ID: 1831498020)
2025-07-30 20:40:03 - INFO - Found chat: KUSHAL MAATAM F23 MDP (ID: 7139966224)
2025-07-30 20:40:03 - INFO - Found chat: Rishikesh (ID: 7081555989)
2025-07-30 20:40:03 - INFO - Found chat: JEET Educationists (ID: 1605367681)
2025-07-30 20:40:03 - INFO - Found chat: Amulya.P 8f (ID: 6647563951)
2025-07-30 20:40:03 - INFO - Found chat: None (ID: 5844054852)
2025-07-30 20:40:03 - INFO - Found chat: Kaushik (ID: 6629515670)
2025-07-30 20:40:03 - INFO - Found chat: None (ID: 6830544419)
2025-07-30 20:40:03 - INFO - Found chat: Ragav IITM Chemical E (ID: 6975595184)
2025-07-30 20:40:03 - INFO - Found chat: None (ID: 6890109968)
2025-07-30 20:40:03 - INFO - Found chat: None (ID: 6947288075)
2025-07-30 20:40:03 - INFO - Found chat: iboxbot (ID: 330762482)
2025-07-30 20:40:03 - INFO - Found chat: GAYATRI MATHS BHAVAN'S (ID: 6854578904)
2025-07-30 20:40:03 - INFO - Found chat: Kushal (ID: 6881806875)
2025-07-30 20:40:03 - INFO - Found chat: Ramesh IT bhavans (ID: 6792656787)
2025-07-30 20:40:03 - INFO - Found chat: Vaagmi X (ID: 6771249002)
2025-07-30 20:40:03 - INFO - Found chat: Suman Urban Clap (ID: 6702421384)
2025-07-30 20:40:03 - INFO - Found chat: Koushik Bhavans IITM ME (ID: 6411768278)
2025-07-30 20:40:03 - INFO - Found chat: iQuanta Neet (ID: 1855476034)
2025-07-30 20:40:03 - INFO - Found chat: PRANAV DESHMUKH (ID: 6899472566)
2025-07-30 20:40:03 - INFO - Found chat: BITCOIN MONEY EARNING (Money_dubling_) (ID: 2051829420)
2025-07-30 20:40:03 - INFO - Found chat: AKSHITH (ID: 6781718617)
2025-07-30 20:40:03 - INFO - Found chat: Pvbpr (ID: 6941505502)
2025-07-30 20:40:03 - INFO - Found chat: TDS X FALCON ANIME STUDIO (ID: 2014429388)
2025-07-30 20:40:03 - INFO - Found chat: VEDH F23 MDP (ID: 6725708944)
2025-07-30 20:40:03 - INFO - Found chat: 👨‍💻𝑯𝑨𝑪𝑲𝑬𝑹_𝑲𝑰_𝑫𝑼𝑵𝑰𝒀𝑨👨‍💻 (ID: 1272572917)
2025-07-30 20:40:03 - INFO - Found chat: RAJESH IITM ED (ID: 6747787238)
2025-07-30 20:40:03 - INFO - Found chat: Rexie (ID: 5864684401)
2025-07-30 20:40:03 - INFO - Found chat: Anish IITM ME (ID: 6700448916)
2025-07-30 20:40:03 - INFO - Found chat: Cengage JEE Books Download (ID: 1190128524)
2025-07-30 20:40:03 - INFO - Found chat: Instant Saver - Repost For Instagram (ID: 336056723)
2025-07-30 20:40:03 - INFO - Found chat: TorrZan (ID: 236125852)
2025-07-30 20:40:03 - INFO - Found chat: SUDHA RANI IT bhavans (ID: 6360814366)
2025-07-30 20:40:03 - INFO - Found chat: Bharat IITM CSE (ID: 6763596106)
2025-07-30 20:40:03 - INFO - Found chat: Samarth IITM ME (ID: 1350899342)
2025-07-30 20:40:03 - INFO - Found chat: Jeeneet.xyz - Free Jee & Neet Study Material (ID: 1780968453)
2025-07-30 20:40:03 - INFO - Found chat: 1TamilMV (ID: 2100235510)
2025-07-30 20:40:03 - INFO - Found chat: SANYAM GUPTA (ID: 6613797614)
2025-07-30 20:40:03 - INFO - Found chat: BATTERY AMARON INVERTER SERVICE PERSON (ID: 6664116010)
2025-07-30 20:40:03 - INFO - Found chat: BH BIO HUSSAIN sir FIITJEE MDP (ID: 6380752917)
2025-07-30 20:40:03 - INFO - Found chat: Chandu Driver F23 FIITJEE MDP (ID: 6521898906)
2025-07-30 20:40:03 - INFO - Found chat: Learn Algorithms and Data Structures (ID: 1401357546)
2025-07-30 20:40:03 - INFO - Found chat: Movie Hub (ID: 1808957074)
2025-07-30 20:40:03 - INFO - Found chat: M Varshith Vardhan (ID: 6493470180)
2025-07-30 20:40:03 - INFO - Found chat: Bargav (ID: 6533417562)
2025-07-30 20:40:03 - INFO - Found chat: Vaibhav (ID: 6503578953)
2025-07-30 20:40:03 - INFO - Found chat: None (ID: 6493237777)
2025-07-30 20:40:03 - INFO - Found chat: ROHIT MADDANI F23 MDP (ID: 6506761738)
2025-07-30 20:40:03 - INFO - Found chat: Rankers Academy JEE (ID: 1552909238)
2025-07-30 20:40:03 - INFO - Found chat: ROHAN REDDY F23 MDP (ID: 5631866059)
2025-07-30 20:40:03 - INFO - Found chat: Spoty Series Official (ID: 1950997690)
2025-07-30 20:40:03 - INFO - Found chat: Test Series for JEE (ID: 1641538691)
2025-07-30 20:40:03 - INFO - Found chat: LinkerX2 (ID: 5895088164)
2025-07-30 20:40:03 - INFO - Found chat: Auto Approve Join Request Bot (ID: 5245978837)
2025-07-30 20:40:03 - INFO - Found chat: None (ID: 5648312586)
2025-07-30 20:40:03 - INFO - Found chat: TBOriginals @TBSearchRobot (ID: 1646636453)
2025-07-30 20:40:03 - INFO - Found chat: 𝗙𝗜𝗟𝗘𝗦 𝗟𝗢𝗖𝗞𝗘𝗥🔒©️ (ID: 1722757717)
2025-07-30 20:40:03 - INFO - Found chat: None (ID: 5941789367)
2025-07-30 20:40:03 - INFO - Found chat: JITIN (ID: 1520429574)
2025-07-30 20:40:03 - INFO - Found chat: None (ID: 6023814897)
2025-07-30 20:40:03 - INFO - Found chat: S (ID: 6178139480)
2025-07-30 20:40:03 - INFO - Found chat: None (ID: 6153035907)
2025-07-30 20:40:03 - INFO - Found chat: 𝗙𝗖 𝗙𝗜𝗟𝗧𝗘𝗥𝗦 𝗕𝗢𝗧 (ID: 5348315101)
2025-07-30 20:40:03 - INFO - Found chat: None (ID: 5879792189)
2025-07-30 20:40:03 - INFO - Found chat: None (ID: 5976144023)
2025-07-30 20:40:03 - INFO - Found chat: Jee Material | Cengage | Arihant | Aakash | Physics Wallah (ID: 1712325771)
2025-07-30 20:40:03 - INFO - Found chat: Movies request 2.0 group (ID: 1758118402)
2025-07-30 20:40:03 - INFO - Found chat: 4️⃣ 🄵🄲 𝟒.𝟎 (ID: 1555684232)
2025-07-30 20:40:03 - INFO - Found chat: None (ID: 5502759380)
2025-07-30 20:40:03 - INFO - Found chat: None (ID: 5476355809)
2025-07-30 20:40:03 - INFO - Found chat: V. Suhit (ID: 5405770275)
2025-07-30 20:40:03 - INFO - Found chat: None (ID: 5212768406)
2025-07-30 20:40:03 - INFO - Found chat: None (ID: 5389418810)
2025-07-30 20:40:03 - INFO - Found chat: MGK Fiitjee Gandhar (ID: 5268061151)
2025-07-30 20:40:03 - INFO - Found chat: None (ID: 5277762092)
2025-07-30 20:40:03 - INFO - Found chat: None (ID: 5142615337)
2025-07-30 20:40:03 - INFO - Found chat: None (ID: 5138152754)
2025-07-30 20:40:03 - INFO - Found chat: None (ID: 5222644837)
2025-07-30 20:40:03 - INFO - Found chat: None (ID: 5158930784)
2025-07-30 20:40:03 - INFO - Found chat: None (ID: 5187308452)
2025-07-30 20:40:03 - INFO - Found chat: Vikitha (ID: 5270198681)
2025-07-30 20:40:03 - INFO - Found chat: None (ID: 5118386878)
2025-07-30 20:40:03 - INFO - Found chat: FIITJEE STUDY MATERIALS (ID: 1616304275)
2025-07-30 20:40:03 - INFO - Found chat: Abhi IX ...,.sarathy (ID: 5218587063)
2025-07-30 20:40:03 - INFO - Found chat: None (ID: 5244740783)
2025-07-30 20:40:03 - INFO - Found chat: None (ID: 5018883493)
2025-07-30 20:40:03 - INFO - Found chat: None (ID: 5007111415)
2025-07-30 20:40:03 - INFO - Found chat: None (ID: 5091200370)
2025-07-30 20:40:03 - INFO - Found chat: Veerendhra (ID: 5089530037)
2025-07-30 20:40:03 - INFO - Found chat: SAATWICK (ID: 5043484602)
2025-07-30 20:40:03 - INFO - Found chat: None (ID: 5060070488)
2025-07-30 20:40:03 - INFO - Found chat: None (ID: 5098800348)
2025-07-30 20:40:03 - INFO - Found chat: JEE NEET PDF Study Materials (ID: 1149014546)
2025-07-30 20:40:03 - INFO - Found chat: None (ID: 2117604100)
2025-07-30 20:40:03 - INFO - Found chat: None (ID: 2110906514)
2025-07-30 20:40:03 - INFO - Found chat: None (ID: 2112243338)
2025-07-30 20:40:03 - INFO - Found chat: None (ID: 2071235686)
2025-07-30 20:40:03 - INFO - Found chat: None (ID: 2058610947)
2025-07-30 20:40:03 - INFO - Found chat: None (ID: 2004031218)
2025-07-30 20:40:03 - INFO - Found chat: None (ID: 2021329673)
2025-07-30 20:40:03 - INFO - Found chat: None (ID: 2092109110)
2025-07-30 20:40:03 - INFO - Found chat: Patlolla (ID: 2053315576)
2025-07-30 20:40:03 - INFO - Found chat: Subba (ID: 2058416431)
2025-07-30 20:40:03 - INFO - Found chat: None (ID: 2079319415)
2025-07-30 20:40:03 - INFO - Found chat: Jitin (ID: 2015337568)
2025-07-30 20:40:03 - INFO - Found chat: None (ID: 2095134899)
2025-07-30 20:40:03 - INFO - Found chat: Hitesh HIG (ID: 2021275234)
2025-07-30 20:40:03 - INFO - Found chat: Anish (ID: 1996945947)
2025-07-30 20:40:03 - INFO - Found chat: Anitha (ID: 1939974118)
2025-07-30 20:40:03 - INFO - Found chat: Vikram Fiitjee (ID: 1906299777)
2025-07-30 20:40:03 - INFO - Found chat: Sreya (ID: 1945248588)
2025-07-30 20:40:03 - INFO - Found chat: None (ID: 1935525563)
2025-07-30 20:40:03 - INFO - Found chat: None (ID: 1943574494)
2025-07-30 20:40:03 - INFO - Found chat: None (ID: 1862448348)
2025-07-30 20:40:03 - INFO - Found chat: None (ID: 1826697924)
2025-07-30 20:40:03 - INFO - Found chat: None (ID: 1825506282)
2025-07-30 20:40:03 - INFO - Found chat: Tanmay (ID: 1806851036)
2025-07-30 20:40:03 - INFO - Found chat: Reserved (ID: 1280286731)
2025-07-30 20:40:03 - INFO - Found chat: None (ID: 1864306807)
2025-07-30 20:40:03 - INFO - Found chat: None (ID: 1849974601)
2025-07-30 20:40:03 - INFO - Found chat: None (ID: 1867713139)
2025-07-30 20:40:03 - INFO - Found chat: None (ID: 1826172230)
2025-07-30 20:40:03 - INFO - Found chat: Pavan (ID: 1660206314)
2025-07-30 20:40:03 - INFO - Found chat: None (ID: 1848729156)
2025-07-30 20:40:03 - INFO - Found chat: None (ID: 1816351990)
2025-07-30 20:40:03 - INFO - Found chat: None (ID: 1866186794)
2025-07-30 20:40:03 - INFO - Found chat: None (ID: 1841949963)
2025-07-30 20:40:03 - INFO - Found chat: Shilpa New (ID: 1839817311)
2025-07-30 20:40:03 - INFO - Found chat: None (ID: 1793492664)
2025-07-30 20:40:03 - INFO - Found chat: None (ID: 1892358307)
2025-07-30 20:40:03 - INFO - Found chat: None (ID: 1884667367)
2025-07-30 20:40:03 - INFO - Found chat: None (ID: 1850915952)
2025-07-30 20:40:03 - INFO - Found chat: None (ID: 1720725733)
2025-07-30 20:40:03 - INFO - Found chat: None (ID: 1780801266)
2025-07-30 20:40:03 - INFO - Found chat: None (ID: 1772355209)
2025-07-30 20:40:03 - INFO - Found chat: None (ID: 1757590097)
2025-07-30 20:40:03 - INFO - Found chat: None (ID: 1613828568)
2025-07-30 20:40:03 - INFO - Found chat: None (ID: 1701307412)
2025-07-30 20:40:03 - INFO - Found chat: None (ID: 1750597769)
2025-07-30 20:40:03 - INFO - Found chat: Dhansingh (ID: 1745818923)
2025-07-30 20:40:03 - INFO - Found chat: None (ID: 1720635147)
2025-07-30 20:40:03 - INFO - Found chat: None (ID: 1641362344)
2025-07-30 20:40:03 - INFO - Found chat: None (ID: 1489264928)
2025-07-30 20:40:03 - INFO - Found chat: None (ID: 1618396582)
2025-07-30 20:40:03 - INFO - Found chat: SK (ID: 1569048123)
2025-07-30 20:40:03 - INFO - Found chat: None (ID: 1646444029)
2025-07-30 20:40:03 - INFO - Found chat: Kavitha (ID: 1634843592)
2025-07-30 20:40:03 - INFO - Found chat: None (ID: 1532088461)
2025-07-30 20:40:03 - INFO - Found chat: Satardah (ID: 1544445689)
2025-07-30 20:40:03 - INFO - Found chat: None (ID: 1420388733)
2025-07-30 20:40:03 - INFO - Found chat: Sailaja Unr (ID: 1423318117)
2025-07-30 20:40:03 - INFO - Found chat: None (ID: 1522134864)
2025-07-30 20:40:03 - INFO - Found chat: None (ID: 1514987545)
2025-07-30 20:40:03 - INFO - Found chat: None (ID: 1584149436)
2025-07-30 20:40:03 - INFO - Found chat: None (ID: 1519049084)
2025-07-30 20:40:03 - INFO - Found chat: None (ID: 1538914986)
2025-07-30 20:40:03 - INFO - Found chat: None (ID: 1584428253)
2025-07-30 20:40:03 - INFO - Found chat: None (ID: 1557987499)
2025-07-30 20:40:03 - INFO - Found chat: Surya Kumari Bhavan's (ID: 1458936037)
2025-07-30 20:40:03 - INFO - Found chat: Nickel.FIITJEE a01 (ID: 1400952483)
2025-07-30 20:40:03 - INFO - Found chat: None (ID: 1409227321)
2025-07-30 20:40:03 - INFO - Found chat: None (ID: 1485886646)
2025-07-30 20:40:03 - INFO - Found chat: SAFIA ENGLISH BHAVANS (ID: 1413082310)
2025-07-30 20:40:03 - INFO - Found chat: Sharon (ID: 1427184541)
2025-07-30 20:40:03 - INFO - Found chat: None (ID: 1421642063)
2025-07-30 20:40:03 - INFO - Found chat: Vijaya (ID: 1344339824)
2025-07-30 20:40:03 - INFO - Found chat: None (ID: 1311331099)
2025-07-30 20:40:03 - INFO - Found chat: None (ID: 1414891667)
2025-07-30 20:40:03 - INFO - Found chat: None (ID: 1468257928)
2025-07-30 20:40:03 - INFO - Found chat: Vishwas Reddy (ID: 1483715666)
2025-07-30 20:40:03 - INFO - Found chat: Shradda (ID: 1406365353)
2025-07-30 20:40:03 - INFO - Found chat: None (ID: 1450520191)
2025-07-30 20:40:03 - INFO - Found chat: None (ID: 1444935556)
2025-07-30 20:40:03 - INFO - Found chat: None (ID: 1412016003)
2025-07-30 20:40:03 - INFO - Found chat: 7Movierulz [Update] (ID: 1499123492)
2025-07-30 20:40:03 - INFO - Found chat: Materials & Metallurgy (ID: 1158721739)
2025-07-30 20:40:03 - INFO - Found 303 chats to download
2025-07-30 20:40:03 - INFO - Fetched: 100 (batch: 100 new)
2025-07-30 20:40:04 - INFO - Fetched: 200 (batch: 100 new)
2025-07-30 20:40:04 - INFO - Fetched: 300 (batch: 100 new)
2025-07-30 20:40:04 - INFO - Fetched: 400 (batch: 100 new)
2025-07-30 20:40:04 - INFO - Fetched: 500 (batch: 100 new)
2025-07-30 20:40:04 - INFO - Fetched: 600 (batch: 100 new)
2025-07-30 20:40:04 - INFO - Fetched: 700 (batch: 100 new)
2025-07-30 20:40:04 - INFO - Fetched: 800 (batch: 100 new)
2025-07-30 20:40:05 - INFO - Fetched: 900 (batch: 100 new)
2025-07-30 20:40:05 - INFO - Fetched: 1000 (batch: 100 new)
2025-07-30 20:40:05 - INFO - Fetched: 1100 (batch: 100 new)
2025-07-30 20:40:05 - INFO - Fetched: 1200 (batch: 100 new)
2025-07-30 20:40:05 - INFO - Fetched: 1300 (batch: 100 new)
2025-07-30 20:40:05 - INFO - Fetched: 1400 (batch: 100 new)
2025-07-30 20:40:05 - INFO - Fetched: 1500 (batch: 100 new)
2025-07-30 20:40:06 - INFO - Fetched: 1600 (batch: 100 new)
2025-07-30 20:40:06 - INFO - Fetched: 1700 (batch: 100 new)
2025-07-30 20:40:06 - INFO - Fetched: 1800 (batch: 100 new)
2025-07-30 20:40:06 - INFO - Fetched: 1900 (batch: 100 new)
2025-07-30 20:40:07 - INFO - Fetched: 2000 (batch: 100 new)
2025-07-30 20:40:07 - INFO - Fetched: 2100 (batch: 100 new)
2025-07-30 20:40:07 - INFO - Fetched: 2200 (batch: 100 new)
2025-07-30 20:40:07 - INFO - Fetched: 2300 (batch: 100 new)
2025-07-30 20:40:08 - INFO - Fetched: 2400 (batch: 100 new)
2025-07-30 20:40:08 - INFO - Fetched: 2500 (batch: 100 new)
2025-07-30 20:40:08 - INFO - Fetched: 2600 (batch: 100 new)
2025-07-30 20:40:08 - INFO - Fetched: 2700 (batch: 100 new)
2025-07-30 20:40:08 - INFO - Fetched: 2800 (batch: 100 new)
2025-07-30 20:40:08 - INFO - Fetched: 2900 (batch: 100 new)
2025-07-30 20:40:09 - INFO - Fetched: 3000 (batch: 100 new)
2025-07-30 20:40:34 - INFO - Fetched: 3100 (batch: 100 new)
2025-07-30 20:40:34 - INFO - Fetched: 3200 (batch: 100 new)
2025-07-30 20:40:34 - INFO - Fetched: 3300 (batch: 100 new)
2025-07-30 20:40:34 - INFO - Fetched: 3400 (batch: 100 new)
2025-07-30 20:40:35 - INFO - Fetched: 3500 (batch: 100 new)
2025-07-30 20:40:35 - INFO - Fetched: 3600 (batch: 100 new)
2025-07-30 20:40:35 - INFO - Fetched: 3700 (batch: 100 new)
2025-07-30 20:40:35 - INFO - Fetched: 3800 (batch: 100 new)
2025-07-30 20:40:35 - INFO - Fetched: 3900 (batch: 100 new)
2025-07-30 20:40:35 - INFO - Fetched: 4000 (batch: 100 new)
2025-07-30 20:40:36 - INFO - Fetched: 4100 (batch: 100 new)
2025-07-30 20:40:36 - INFO - Fetched: 4200 (batch: 100 new)
2025-07-30 20:40:36 - INFO - Fetched: 4300 (batch: 100 new)
2025-07-30 20:40:36 - INFO - Fetched: 4400 (batch: 100 new)
2025-07-30 20:40:36 - INFO - Fetched: 4500 (batch: 100 new)
2025-07-30 20:40:37 - INFO - Fetched: 4600 (batch: 100 new)
2025-07-30 20:40:37 - INFO - Fetched: 4700 (batch: 100 new)
2025-07-30 20:40:37 - INFO - Fetched: 4800 (batch: 100 new)
2025-07-30 20:40:37 - INFO - Fetched: 4900 (batch: 100 new)
2025-07-30 20:40:37 - INFO - Fetched: 5000 (batch: 100 new)
2025-07-30 20:40:37 - INFO - Fetched: 5100 (batch: 100 new)
2025-07-30 20:40:38 - INFO - Fetched: 5200 (batch: 100 new)
2025-07-30 20:40:38 - INFO - Fetched: 5300 (batch: 100 new)
2025-07-30 20:40:38 - INFO - Fetched: 5400 (batch: 100 new)
2025-07-30 20:40:38 - INFO - Fetched: 5500 (batch: 100 new)
2025-07-30 20:40:38 - INFO - Fetched: 5600 (batch: 100 new)
2025-07-30 20:40:39 - INFO - Fetched: 5700 (batch: 100 new)
2025-07-30 20:40:39 - INFO - Fetched: 5800 (batch: 100 new)
2025-07-30 20:40:39 - INFO - Fetched: 5900 (batch: 100 new)
2025-07-30 20:40:39 - INFO - Fetched: 6000 (batch: 100 new)
2025-07-30 20:41:06 - INFO - Saved 6100 new messages to partial file in 0.51s
2025-07-30 20:41:06 - INFO - Fetched: 6100 (batch: 100 new)
2025-07-30 20:41:06 - INFO - Fetched: 6200 (batch: 100 new)
2025-07-30 20:41:06 - INFO - Fetched: 6300 (batch: 100 new)
2025-07-30 20:41:06 - INFO - Fetched: 6400 (batch: 100 new)
2025-07-30 20:41:07 - INFO - Fetched: 6500 (batch: 100 new)
2025-07-30 20:41:07 - INFO - Fetched: 6600 (batch: 100 new)
2025-07-30 20:41:07 - INFO - Fetched: 6700 (batch: 100 new)
2025-07-30 20:41:07 - INFO - Fetched: 6800 (batch: 100 new)
2025-07-30 20:41:07 - INFO - Fetched: 6900 (batch: 100 new)
2025-07-30 20:41:08 - INFO - Fetched: 7000 (batch: 100 new)
2025-07-30 20:41:08 - INFO - Fetched: 7100 (batch: 100 new)
2025-07-30 20:41:08 - INFO - Fetched: 7200 (batch: 100 new)
2025-07-30 20:41:08 - INFO - Fetched: 7300 (batch: 100 new)
2025-07-30 20:41:09 - INFO - Fetched: 7400 (batch: 100 new)
2025-07-30 20:41:09 - INFO - Fetched: 7500 (batch: 100 new)
2025-07-30 20:41:09 - INFO - Fetched: 7600 (batch: 100 new)
2025-07-30 20:41:09 - INFO - Fetched: 7700 (batch: 100 new)
2025-07-30 20:41:09 - INFO - Fetched: 7800 (batch: 100 new)
2025-07-30 20:41:10 - INFO - Fetched: 7900 (batch: 100 new)
2025-07-30 20:41:10 - INFO - Fetched: 8000 (batch: 100 new)
2025-07-30 20:41:10 - INFO - Fetched: 8100 (batch: 100 new)
2025-07-30 20:41:11 - INFO - Fetched: 8200 (batch: 100 new)
2025-07-30 20:41:11 - INFO - Fetched: 8300 (batch: 100 new)
2025-07-30 20:41:11 - INFO - Fetched: 8400 (batch: 100 new)
2025-07-30 20:41:11 - INFO - Fetched: 8500 (batch: 100 new)
2025-07-30 20:41:11 - INFO - Fetched: 8600 (batch: 100 new)
2025-07-30 20:41:12 - INFO - Fetched: 8700 (batch: 100 new)
2025-07-30 20:41:12 - INFO - Fetched: 8800 (batch: 100 new)
2025-07-30 20:41:12 - INFO - Fetched: 8900 (batch: 100 new)
2025-07-30 20:41:13 - INFO - Fetched: 9000 (batch: 100 new)
2025-07-30 20:47:23 - ERROR - Failed to connect to Telegram: database is locked
2025-07-30 20:47:23 - ERROR - An error occurred: Failed to connect to Telegram: database is locked
Traceback (most recent call last):
  File "/home/akshit/Desktop/gpu_gemma/telegram/src/telegram_download_chat/core/auth.py", line 55, in connect
    await self.telegram_auth.initialize()
  File "/home/akshit/Desktop/gpu_gemma/telegram/src/telegram_download_chat/core/auth_utils.py", line 60, in initialize
    await self.client.connect()
  File "/home/akshit/Desktop/gpu_gemma/telegram/venv/lib/python3.11/site-packages/telethon/client/telegrambaseclient.py", line 560, in connect
    self.session.auth_key = self._sender.auth_key
    ^^^^^^^^^^^^^^^^^^^^^
  File "/home/akshit/Desktop/gpu_gemma/telegram/venv/lib/python3.11/site-packages/telethon/sessions/sqlite.py", line 180, in auth_key
    self._update_session_table()
  File "/home/akshit/Desktop/gpu_gemma/telegram/venv/lib/python3.11/site-packages/telethon/sessions/sqlite.py", line 194, in _update_session_table
    c.execute('delete from sessions')
sqlite3.OperationalError: database is locked

The above exception was the direct cause of the following exception:

Traceback (most recent call last):
  File "/home/akshit/Desktop/gpu_gemma/telegram/src/telegram_download_chat/cli/__init__.py", line 207, in async_main
    result = await download_chat(ctx, downloader, chat_args, downloads_dir)
             ^^^^^^^^^^^^^^^^^^^^^^^^^^^^^^^^^^^^^^^^^^^^^^^^^^^^^^^^^^^^^^
  File "/home/akshit/Desktop/gpu_gemma/telegram/src/telegram_download_chat/cli/__init__.py", line 101, in download_chat
    async with ctx:
  File "/home/akshit/Desktop/gpu_gemma/telegram/src/telegram_download_chat/core/context.py", line 14, in __aenter__
    await self.downloader.connect(cli=self.cli)
  File "/home/akshit/Desktop/gpu_gemma/telegram/src/telegram_download_chat/core/auth.py", line 100, in connect
    raise RuntimeError(error_msg) from e
RuntimeError: Failed to connect to Telegram: database is locked
2025-07-30 20:48:15 - INFO - No session found, starting interactive login
2025-07-30 20:48:42 - INFO - Successfully connected as 917032106268
2025-07-30 20:48:43 - INFO - Fetched: 100 (batch: 100 new)
2025-07-30 20:48:43 - INFO - Fetched: 125 (batch: 25 new)
2025-07-30 20:48:43 - INFO - Saved 125 new messages to partial file in 0.02s
2025-07-30 20:48:43 - INFO - Saved 125 messages to downloads/ankith3328.txt
2025-07-30 20:48:43 - INFO - Saved 125 messages to downloads/ankith3328.json
